<?xml version="1.0" encoding="UTF-8"?>
<!-- Generated by org.testng.reporters.JUnitXMLReporter -->
<testsuite ignored="0" hostname="LAPTOP-U3GTK72O" failures="0" tests="5" name="Test" time="116.051" errors="0" timestamp="2024-11-11T12:42:12 IST">
  <testcase classname="com.RoofRocketai.Testcases.LoginPageTest" name="verifySignIn" time="8.355"/>
  <testcase classname="com.RoofRocketai.Testcases.LoginPageTest" name="verifyInvalidSignIn" time="3.238"/>
  <testcase classname="com.RoofRocketai.Testcases.NavigatePageTest" name="getAllMenu" time="68.508"/>
  <testcase classname="com.RoofRocketai.Testcases.UserCreateFormPageTest" name="verifyValidUser" time="17.254"/>
  <testcase classname="com.RoofRocketai.Testcases.UserCreateFormPageTest" name="verifyInvalidUser" time="1.41"/>
</testsuite> <!-- Test -->
